<?xml version="1.0" encoding="UTF-8"?>
<testsuite xmlns:xsi="http://www.w3.org/2001/XMLSchema-instance" xsi:noNamespaceSchemaLocation="https://maven.apache.org/surefire/maven-surefire-plugin/xsd/surefire-test-report.xsd" name="TestSuite" time="34.101" tests="29" errors="0" skipped="0" failures="0">
  <properties>
    <property name="sun.desktop" value="windows"/>
    <property name="awt.toolkit" value="sun.awt.windows.WToolkit"/>
    <property name="file.encoding.pkg" value="sun.io"/>
    <property name="java.specification.version" value="1.8"/>
    <property name="sun.cpu.isalist" value="amd64"/>
    <property name="sun.jnu.encoding" value="Cp1252"/>
    <property name="java.class.path" value="C:\Users\Esteban\Documents\GitHub\Proyecto_RestAssured_EstebanHernandez\target\test-classes;C:\Users\Esteban\Documents\GitHub\Proyecto_RestAssured_EstebanHernandez\target\classes;C:\Users\Esteban\.m2\repository\io\rest-assured\rest-assured\4.3.1\rest-assured-4.3.1.jar;C:\Users\Esteban\.m2\repository\org\codehaus\groovy\groovy\3.0.3\groovy-3.0.3.jar;C:\Users\Esteban\.m2\repository\org\codehaus\groovy\groovy-xml\3.0.3\groovy-xml-3.0.3.jar;C:\Users\Esteban\.m2\repository\org\apache\httpcomponents\httpclient\4.5.3\httpclient-4.5.3.jar;C:\Users\Esteban\.m2\repository\org\apache\httpcomponents\httpcore\4.4.6\httpcore-4.4.6.jar;C:\Users\Esteban\.m2\repository\commons-logging\commons-logging\1.2\commons-logging-1.2.jar;C:\Users\Esteban\.m2\repository\commons-codec\commons-codec\1.9\commons-codec-1.9.jar;C:\Users\Esteban\.m2\repository\org\apache\httpcomponents\httpmime\4.5.3\httpmime-4.5.3.jar;C:\Users\Esteban\.m2\repository\org\hamcrest\hamcrest\2.1\hamcrest-2.1.jar;C:\Users\Esteban\.m2\repository\org\ccil\cowan\tagsoup\tagsoup\1.2.1\tagsoup-1.2.1.jar;C:\Users\Esteban\.m2\repository\io\rest-assured\json-path\4.3.1\json-path-4.3.1.jar;C:\Users\Esteban\.m2\repository\org\codehaus\groovy\groovy-json\3.0.3\groovy-json-3.0.3.jar;C:\Users\Esteban\.m2\repository\io\rest-assured\rest-assured-common\4.3.1\rest-assured-common-4.3.1.jar;C:\Users\Esteban\.m2\repository\io\rest-assured\xml-path\4.3.1\xml-path-4.3.1.jar;C:\Users\Esteban\.m2\repository\org\apache\commons\commons-lang3\3.4\commons-lang3-3.4.jar;C:\Users\Esteban\.m2\repository\jakarta\xml\bind\jakarta.xml.bind-api\2.3.3\jakarta.xml.bind-api-2.3.3.jar;C:\Users\Esteban\.m2\repository\jakarta\activation\jakarta.activation-api\1.2.2\jakarta.activation-api-1.2.2.jar;C:\Users\Esteban\.m2\repository\com\sun\xml\bind\jaxb-impl\2.3.3\jaxb-impl-2.3.3.jar;C:\Users\Esteban\.m2\repository\org\testng\testng\6.14.3\testng-6.14.3.jar;C:\Users\Esteban\.m2\repository\com\beust\jcommander\1.72\jcommander-1.72.jar;C:\Users\Esteban\.m2\repository\org\apache-extras\beanshell\bsh\2.0b6\bsh-2.0b6.jar;C:\Users\Esteban\.m2\repository\com\googlecode\json-simple\json-simple\1.1.1\json-simple-1.1.1.jar;C:\Users\Esteban\.m2\repository\junit\junit\4.10\junit-4.10.jar;C:\Users\Esteban\.m2\repository\org\hamcrest\hamcrest-core\1.1\hamcrest-core-1.1.jar;C:\Users\Esteban\.m2\repository\com\fasterxml\jackson\core\jackson-core\2.11.3\jackson-core-2.11.3.jar;C:\Users\Esteban\.m2\repository\com\fasterxml\jackson\core\jackson-databind\2.6.0\jackson-databind-2.6.0.jar;C:\Users\Esteban\.m2\repository\com\fasterxml\jackson\core\jackson-annotations\2.6.0\jackson-annotations-2.6.0.jar;C:\Users\Esteban\.m2\repository\org\apache\maven\surefire\surefire-testng-utils\2.22.0\surefire-testng-utils-2.22.0.jar;C:\Users\Esteban\.m2\repository\org\apache\maven\surefire\surefire-grouper\2.22.0\surefire-grouper-2.22.0.jar;"/>
    <property name="java.vm.vendor" value="Oracle Corporation"/>
    <property name="sun.arch.data.model" value="64"/>
    <property name="user.variant" value=""/>
    <property name="java.vendor.url" value="http://java.oracle.com/"/>
    <property name="user.timezone" value="America/Regina"/>
    <property name="user.country.format" value="CR"/>
    <property name="java.vm.specification.version" value="1.8"/>
    <property name="os.name" value="Windows 10"/>
    <property name="user.country" value="US"/>
    <property name="sun.java.launcher" value="SUN_STANDARD"/>
    <property name="sun.boot.library.path" value="C:\Program Files\Java\jdk1.8.0_101\jre\bin"/>
    <property name="sun.java.command" value="C:\Users\Esteban\AppData\Local\Temp\surefire2315970145742759933\surefirebooter3955391477029029283.jar C:\Users\Esteban\AppData\Local\Temp\surefire2315970145742759933 2021-12-12T23-17-32_864-jvmRun1 surefire1764073769495873762tmp surefire_02741656165786255656tmp"/>
    <property name="surefire.test.class.path" value="C:\Users\Esteban\Documents\GitHub\Proyecto_RestAssured_EstebanHernandez\target\test-classes;C:\Users\Esteban\Documents\GitHub\Proyecto_RestAssured_EstebanHernandez\target\classes;C:\Users\Esteban\.m2\repository\io\rest-assured\rest-assured\4.3.1\rest-assured-4.3.1.jar;C:\Users\Esteban\.m2\repository\org\codehaus\groovy\groovy\3.0.3\groovy-3.0.3.jar;C:\Users\Esteban\.m2\repository\org\codehaus\groovy\groovy-xml\3.0.3\groovy-xml-3.0.3.jar;C:\Users\Esteban\.m2\repository\org\apache\httpcomponents\httpclient\4.5.3\httpclient-4.5.3.jar;C:\Users\Esteban\.m2\repository\org\apache\httpcomponents\httpcore\4.4.6\httpcore-4.4.6.jar;C:\Users\Esteban\.m2\repository\commons-logging\commons-logging\1.2\commons-logging-1.2.jar;C:\Users\Esteban\.m2\repository\commons-codec\commons-codec\1.9\commons-codec-1.9.jar;C:\Users\Esteban\.m2\repository\org\apache\httpcomponents\httpmime\4.5.3\httpmime-4.5.3.jar;C:\Users\Esteban\.m2\repository\org\hamcrest\hamcrest\2.1\hamcrest-2.1.jar;C:\Users\Esteban\.m2\repository\org\ccil\cowan\tagsoup\tagsoup\1.2.1\tagsoup-1.2.1.jar;C:\Users\Esteban\.m2\repository\io\rest-assured\json-path\4.3.1\json-path-4.3.1.jar;C:\Users\Esteban\.m2\repository\org\codehaus\groovy\groovy-json\3.0.3\groovy-json-3.0.3.jar;C:\Users\Esteban\.m2\repository\io\rest-assured\rest-assured-common\4.3.1\rest-assured-common-4.3.1.jar;C:\Users\Esteban\.m2\repository\io\rest-assured\xml-path\4.3.1\xml-path-4.3.1.jar;C:\Users\Esteban\.m2\repository\org\apache\commons\commons-lang3\3.4\commons-lang3-3.4.jar;C:\Users\Esteban\.m2\repository\jakarta\xml\bind\jakarta.xml.bind-api\2.3.3\jakarta.xml.bind-api-2.3.3.jar;C:\Users\Esteban\.m2\repository\jakarta\activation\jakarta.activation-api\1.2.2\jakarta.activation-api-1.2.2.jar;C:\Users\Esteban\.m2\repository\com\sun\xml\bind\jaxb-impl\2.3.3\jaxb-impl-2.3.3.jar;C:\Users\Esteban\.m2\repository\org\testng\testng\6.14.3\testng-6.14.3.jar;C:\Users\Esteban\.m2\repository\com\beust\jcommander\1.72\jcommander-1.72.jar;C:\Users\Esteban\.m2\repository\org\apache-extras\beanshell\bsh\2.0b6\bsh-2.0b6.jar;C:\Users\Esteban\.m2\repository\com\googlecode\json-simple\json-simple\1.1.1\json-simple-1.1.1.jar;C:\Users\Esteban\.m2\repository\junit\junit\4.10\junit-4.10.jar;C:\Users\Esteban\.m2\repository\org\hamcrest\hamcrest-core\1.1\hamcrest-core-1.1.jar;C:\Users\Esteban\.m2\repository\com\fasterxml\jackson\core\jackson-core\2.11.3\jackson-core-2.11.3.jar;C:\Users\Esteban\.m2\repository\com\fasterxml\jackson\core\jackson-databind\2.6.0\jackson-databind-2.6.0.jar;C:\Users\Esteban\.m2\repository\com\fasterxml\jackson\core\jackson-annotations\2.6.0\jackson-annotations-2.6.0.jar;C:\Users\Esteban\.m2\repository\org\apache\maven\surefire\surefire-testng-utils\2.22.0\surefire-testng-utils-2.22.0.jar;C:\Users\Esteban\.m2\repository\org\apache\maven\surefire\surefire-grouper\2.22.0\surefire-grouper-2.22.0.jar;"/>
    <property name="sun.cpu.endian" value="little"/>
    <property name="user.home" value="C:\Users\Esteban"/>
    <property name="user.language" value="en"/>
    <property name="java.specification.vendor" value="Oracle Corporation"/>
    <property name="java.home" value="C:\Program Files\Java\jdk1.8.0_101\jre"/>
    <property name="basedir" value="C:\Users\Esteban\Documents\GitHub\Proyecto_RestAssured_EstebanHernandez"/>
    <property name="file.separator" value="\"/>
    <property name="line.separator" value="&#10;"/>
    <property name="java.vm.specification.vendor" value="Oracle Corporation"/>
    <property name="java.specification.name" value="Java Platform API Specification"/>
    <property name="java.awt.graphicsenv" value="sun.awt.Win32GraphicsEnvironment"/>
    <property name="surefire.real.class.path" value="C:\Users\Esteban\AppData\Local\Temp\surefire2315970145742759933\surefirebooter3955391477029029283.jar"/>
    <property name="sun.boot.class.path" value="C:\Program Files\Java\jdk1.8.0_101\jre\lib\resources.jar;C:\Program Files\Java\jdk1.8.0_101\jre\lib\rt.jar;C:\Program Files\Java\jdk1.8.0_101\jre\lib\sunrsasign.jar;C:\Program Files\Java\jdk1.8.0_101\jre\lib\jsse.jar;C:\Program Files\Java\jdk1.8.0_101\jre\lib\jce.jar;C:\Program Files\Java\jdk1.8.0_101\jre\lib\charsets.jar;C:\Program Files\Java\jdk1.8.0_101\jre\lib\jfr.jar;C:\Program Files\Java\jdk1.8.0_101\jre\classes"/>
    <property name="user.script" value=""/>
    <property name="sun.management.compiler" value="HotSpot 64-Bit Tiered Compilers"/>
    <property name="java.runtime.version" value="1.8.0_101-b13"/>
    <property name="user.name" value="Esteban"/>
    <property name="path.separator" value=";"/>
    <property name="os.version" value="10.0"/>
    <property name="java.endorsed.dirs" value="C:\Program Files\Java\jdk1.8.0_101\jre\lib\endorsed"/>
    <property name="java.runtime.name" value="Java(TM) SE Runtime Environment"/>
    <property name="file.encoding" value="Cp1252"/>
    <property name="java.vm.name" value="Java HotSpot(TM) 64-Bit Server VM"/>
    <property name="localRepository" value="C:\Users\Esteban\.m2\repository"/>
    <property name="java.vendor.url.bug" value="http://bugreport.sun.com/bugreport/"/>
    <property name="java.io.tmpdir" value="C:\Users\Esteban\AppData\Local\Temp\"/>
    <property name="java.version" value="1.8.0_101"/>
    <property name="user.dir" value="C:\Users\Esteban\Documents\GitHub\Proyecto_RestAssured_EstebanHernandez"/>
    <property name="os.arch" value="amd64"/>
    <property name="java.vm.specification.name" value="Java Virtual Machine Specification"/>
    <property name="java.awt.printerjob" value="sun.awt.windows.WPrinterJob"/>
    <property name="user.language.format" value="es"/>
    <property name="sun.os.patch.level" value=""/>
    <property name="java.library.path" value="C:\Program Files\Java\jdk1.8.0_101\jre\bin;C:\WINDOWS\Sun\Java\bin;C:\WINDOWS\system32;C:\WINDOWS;C:\Program Files (x86)\Common Files\Oracle\Java\javapath;C:\Program Files (x86)\Intel\iCLS Client\;C:\ProgramData\Oracle\Java\javapath;C:\Program Files\Intel\iCLS Client\;C:\WINDOWS\system32;C:\WINDOWS;C:\WINDOWS\System32\Wbem;C:\WINDOWS\System32\WindowsPowerShell\v1.0\;C:\Program Files\apache-maven-3.3.9\bin;C:\Program Files\Java\jdk1.8.0_101\bin;C:\Program Files (x86)\Windows Live\Shared;C:\Program Files (x86)\Intel\Intel(R) Management Engine Components\DAL;C:\Program Files\Intel\Intel(R) Management Engine Components\DAL;C:\Program Files (x86)\Intel\Intel(R) Management Engine Components\IPT;C:\Program Files\Intel\Intel(R) Management Engine Components\IPT;C:\WINDOWS\System32\OpenSSH\;C:\Program Files\Intel\WiFi\bin\;C:\Program Files\Common Files\Intel\WirelessCommon\;C:\Program Files\nodejs\;C:\Program Files\Git\cmd;C:\Users\Esteban\AppData\Local\Microsoft\WindowsApps;C:\Users\Esteban\AppData\Roaming\npm;C:\Users\Esteban\AppData\Local\Programs\Microsoft VS Code\bin;C:\Users\Esteban\AppData\Local\GitHubDesktop\bin;."/>
    <property name="java.vm.info" value="mixed mode"/>
    <property name="java.vendor" value="Oracle Corporation"/>
    <property name="java.vm.version" value="25.101-b13"/>
    <property name="java.ext.dirs" value="C:\Program Files\Java\jdk1.8.0_101\jre\lib\ext;C:\WINDOWS\Sun\Java\lib\ext"/>
    <property name="sun.io.unicode.encoding" value="UnicodeLittle"/>
    <property name="java.class.version" value="52.0"/>
  </properties>
  <testcase name="Test_404" classname="api_test.Miscelaneo" time="4.084"/>
  <testcase name="Test_HOME" classname="api_test.Miscelaneo" time="0.826"/>
  <testcase name="Test_User_Login" classname="api_test.Users" time="0.337"/>
  <testcase name="Test_PING" classname="api_test.Miscelaneo" time="0.33"/>
  <testcase name="Test_Create_Article" classname="api_test.ArticlesTests" time="0.711"/>
  <testcase name="Test_Post_All" classname="api_test.PostsTests" time="0.26"/>
  <testcase name="Test_User_Logout" classname="api_test.Users" time="0.514"/>
  <testcase name="Test_Post_All_Invalid_Token" classname="api_test.PostsTests" time="0.341"/>
  <testcase name="Test_Create_Article_RequestSpecification" classname="api_test.ArticlesTests" time="0.669"/>
  <testcase name="Test_Comment_All" classname="api_test.CommentsTests" time="0.807"/>
  <testcase name="Test_User_Registration" classname="api_test.Users" time="0.084"/>
  <testcase name="Test_User_Registration_Existing_User" classname="api_test.Users" time="0.591"/>
  <testcase name="Test_Post_Create" classname="api_test.PostsTests" time="0.617"/>
  <testcase name="Test_Post_Create_Invalid_Form" classname="api_test.PostsTests" time="1.331"/>
  <testcase name="Test_Comment_All_Invalid_Auth" classname="api_test.CommentsTests" time="0.818"/>
  <testcase name="Test_Post_Delete" classname="api_test.PostsTests" time="1.99"/>
  <testcase name="Test_Comment_Create" classname="api_test.CommentsTests" time="0.12"/>
  <testcase name="Test_Comment_Create_FK_Violation" classname="api_test.CommentsTests" time="0.735"/>
  <testcase name="Test_Post_Delete_Not_Found" classname="api_test.PostsTests" time="0.479"/>
  <testcase name="Test_Comment_Delete" classname="api_test.CommentsTests" time="2.268"/>
  <testcase name="Test_Post_One" classname="api_test.PostsTests" time="0.473"/>
  <testcase name="Test_Post_One_Not_Found" classname="api_test.PostsTests" time="1.52"/>
  <testcase name="Test_Comment_Delete_Not_Found" classname="api_test.CommentsTests" time="0.06"/>
  <testcase name="Test_Post_Update" classname="api_test.PostsTests" time="2.668"/>
  <testcase name="Test_Comment_One" classname="api_test.CommentsTests" time="0.579"/>
  <testcase name="Test_Post_Update_Not_Found" classname="api_test.PostsTests" time="0.866"/>
  <testcase name="Test_Comment_One_Not_Found" classname="api_test.CommentsTests" time="2.743"/>
  <testcase name="Test_Comment_Update" classname="api_test.CommentsTests" time="3.963"/>
  <testcase name="Test_Comment_Update_Not_Found" classname="api_test.CommentsTests" time="3.376"/>
</testsuite>