<?xml version="1.0" encoding="UTF-8"?>
<!-- Generated by org.testng.reporters.JUnitReportReporter -->
<testsuite skipped="0" hostname="DESKTOP-QH19QR8" name="api_test.Users" tests="4" failures="0" timestamp="13 dic 2021 05:18:08 GMT" time="8.579" errors="0">
  <testcase name="Test_User_Login" time="5.265" classname="api_test.Users"/>
  <testcase name="Test_User_Registration" time="1.185" classname="api_test.Users"/>
  <testcase name="Test_User_Logout" time="1.491" classname="api_test.Users"/>
  <testcase name="Test_User_Registration_Existing_User" time="0.638" classname="api_test.Users"/>
</testsuite> <!-- api_test.Users -->
