<?xml version="1.0" encoding="UTF-8"?>
<!-- Generated by org.testng.reporters.JUnitReportReporter -->
<testsuite skipped="0" hostname="DESKTOP-QH19QR8" name="api_test.CommentsTests" tests="10" failures="0" timestamp="13 dic 2021 05:18:08 GMT" time="31.746" errors="0">
  <testcase name="Test_Comment_One_Not_Found" time="2.743" classname="api_test.CommentsTests"/>
  <testcase name="Test_Comment_Update_Not_Found" time="3.391" classname="api_test.CommentsTests"/>
  <testcase name="Test_Comment_All" time="7.889" classname="api_test.CommentsTests"/>
  <testcase name="Test_Comment_All_Invalid_Auth" time="2.864" classname="api_test.CommentsTests"/>
  <testcase name="Test_Comment_Create" time="2.109" classname="api_test.CommentsTests"/>
  <testcase name="Test_Comment_Delete" time="2.751" classname="api_test.CommentsTests"/>
  <testcase name="Test_Comment_Create_FK_Violation" time="0.736" classname="api_test.CommentsTests"/>
  <testcase name="Test_Comment_Update" time="3.948" classname="api_test.CommentsTests"/>
  <testcase name="Test_Comment_One" time="3.257" classname="api_test.CommentsTests"/>
  <testcase name="Test_Comment_Delete_Not_Found" time="2.058" classname="api_test.CommentsTests"/>
</testsuite> <!-- api_test.CommentsTests -->
