<?xml version="1.0" encoding="UTF-8"?>
<!-- Generated by org.testng.reporters.JUnitReportReporter -->
<testsuite skipped="0" hostname="DESKTOP-QH19QR8" name="api_test.Miscelaneo" tests="3" failures="0" timestamp="13 dic 2021 05:18:08 GMT" time="5.577" errors="0">
  <testcase name="Test_PING" time="0.683" classname="api_test.Miscelaneo"/>
  <testcase name="Test_404" time="4.084" classname="api_test.Miscelaneo"/>
  <testcase name="Test_HOME" time="0.810" classname="api_test.Miscelaneo"/>
</testsuite> <!-- api_test.Miscelaneo -->
