<?xml version="1.0" encoding="UTF-8"?>
<!-- Generated by org.testng.reporters.JUnitReportReporter -->
<testsuite skipped="0" hostname="DESKTOP-QH19QR8" name="api_test.ArticlesTests" tests="2" failures="0" timestamp="13 dic 2021 05:18:08 GMT" time="7.767" errors="0">
  <testcase name="Test_Create_Article" time="5.971" classname="api_test.ArticlesTests"/>
  <testcase name="Test_Create_Article_RequestSpecification" time="1.796" classname="api_test.ArticlesTests"/>
</testsuite> <!-- api_test.ArticlesTests -->
